2022-07-06T20:41:37.396Z [igti-delivery-api] info: delivery-api started
2022-07-06T20:42:38.606Z [igti-delivery-api] info: delivery-api started
2022-07-06T20:42:40.779Z [igti-delivery-api] info: delivery-api started
2022-07-06T20:44:09.411Z [igti-delivery-api] info: delivery-api started
2022-07-06T20:44:16.277Z [igti-delivery-api] info: delivery-api started
2022-07-06T20:45:46.258Z [igti-delivery-api] error: writeFile is not defined
2022-07-06T20:45:46.259Z [igti-delivery-api] info: delivery-api started
2022-07-06T20:45:59.913Z [igti-delivery-api] info: File Created.
2022-07-06T20:45:59.914Z [igti-delivery-api] info: delivery-api started
2022-07-06T20:46:08.222Z [igti-delivery-api] error: POST /order -  Cannot read properties of undefined (reading 'push')
2022-07-06T20:47:03.175Z [igti-delivery-api] info: delivery-api started
2022-07-06T20:47:08.147Z [igti-delivery-api] info: POST /order -  {"cliente":"Arthur Monteiro","produto":"Celular","valor":1500}
2022-07-06T20:47:25.803Z [igti-delivery-api] info: PUT /order -  {"id":1,"cliente":"Arthur Monteiro","produto":"Computador","valor":3000,"entregue":false}
2022-07-06T20:49:35.139Z [igti-delivery-api] info: delivery-api started
2022-07-06T20:51:09.378Z [igti-delivery-api] info: delivery-api started
2022-07-06T20:51:16.371Z [igti-delivery-api] info: delivery-api started
2022-07-06T20:52:12.766Z [igti-delivery-api] info: delivery-api started
2022-07-06T20:53:51.852Z [igti-delivery-api] info: delivery-api started
2022-07-06T20:54:00.083Z [igti-delivery-api] info: delivery-api started
2022-07-06T20:54:12.061Z [igti-delivery-api] info: delivery-api started
2022-07-06T20:54:28.579Z [igti-delivery-api] error: PATCH /order -  Delivered must be boolean!
2022-07-06T20:54:37.543Z [igti-delivery-api] error: PATCH /order -  OrderRepository.getOrder is not a function
2022-07-06T20:55:49.883Z [igti-delivery-api] info: delivery-api started
2022-07-06T20:56:08.597Z [igti-delivery-api] info: delivery-api started
2022-07-06T20:56:13.105Z [igti-delivery-api] error: PATCH /order -  OrderRepository.updateAccount is not a function
2022-07-06T20:56:30.169Z [igti-delivery-api] info: delivery-api started
2022-07-06T20:56:34.240Z [igti-delivery-api] info: PATCH /order -  {"id":1,"cliente":"Arthur Monteiro","produto":"Computador","valor":3000,"entregue":true}
2022-07-06T20:56:49.546Z [igti-delivery-api] info: delivery-api started
2022-07-06T20:57:19.052Z [igti-delivery-api] info: delivery-api started
2022-07-06T20:57:23.360Z [igti-delivery-api] info: delivery-api started
2022-07-06T20:57:59.695Z [igti-delivery-api] info: delivery-api started
2022-07-06T20:58:04.548Z [igti-delivery-api] info: delivery-api started
2022-07-06T20:58:33.947Z [igti-delivery-api] info: delivery-api started
2022-07-06T20:59:01.494Z [igti-delivery-api] info: delivery-api started
2022-07-06T20:59:20.589Z [igti-delivery-api] info: DELETE /order -  id: 1
2022-07-06T20:59:43.998Z [igti-delivery-api] info: delivery-api started
2022-07-06T21:00:19.816Z [igti-delivery-api] info: delivery-api started
2022-07-06T21:00:48.630Z [igti-delivery-api] info: delivery-api started
2022-07-06T21:01:09.710Z [igti-delivery-api] info: delivery-api started
2022-07-06T21:01:15.930Z [igti-delivery-api] info: delivery-api started
2022-07-06T21:02:05.655Z [igti-delivery-api] info: delivery-api started
2022-07-06T21:02:08.461Z [igti-delivery-api] info: delivery-api started
2022-07-06T21:02:13.776Z [igti-delivery-api] info: POST /order -  {"cliente":"Arthur Monteiro","produto":"Celular","valor":1500}
2022-07-06T21:02:29.091Z [igti-delivery-api] info: GET /order -  {"id":2,"cliente":"Arthur Monteiro","produto":"Celular","valor":1500,"entregue":false,"timestamp":"2022-07-06T21:02:13.773Z"}
2022-07-06T21:06:50.998Z [igti-delivery-api] info: delivery-api started
2022-07-06T21:07:30.794Z [igti-delivery-api] info: delivery-api started
2022-07-06T21:07:50.423Z [igti-delivery-api] info: GET /order
2022-07-06T21:17:08.033Z [igti-delivery-api] info: delivery-api started
2022-07-06T21:17:23.634Z [igti-delivery-api] info: delivery-api started
2022-07-06T21:18:54.969Z [igti-delivery-api] info: delivery-api started
2022-07-06T21:19:06.528Z [igti-delivery-api] info: delivery-api started
2022-07-06T21:19:07.648Z [igti-delivery-api] info: delivery-api started
2022-07-06T21:21:24.659Z [igti-delivery-api] info: delivery-api started
2022-07-06T21:21:26.481Z [igti-delivery-api] error: GET /order -  Register not found!
2022-07-06T21:21:46.266Z [igti-delivery-api] error: GET /order -  Register not found!
2022-07-06T21:22:05.159Z [igti-delivery-api] error: GET /order -  Register not found!
2022-07-06T21:22:06.203Z [igti-delivery-api] error: GET /order -  Register not found!
2022-07-06T21:22:09.475Z [igti-delivery-api] error: GET /order -  Register not found!
2022-07-06T21:22:15.737Z [igti-delivery-api] info: delivery-api started
2022-07-06T21:22:20.898Z [igti-delivery-api] error: GET /order -  Register not found!
2022-07-06T21:23:31.500Z [igti-delivery-api] info: delivery-api started
2022-07-06T21:25:35.852Z [igti-delivery-api] info: delivery-api started
2022-07-06T21:25:37.327Z [igti-delivery-api] info: GET /order -  {}
2022-07-06T21:25:51.506Z [igti-delivery-api] info: GET /order -  {}
2022-07-06T21:26:22.011Z [igti-delivery-api] info: delivery-api started
2022-07-06T21:26:23.352Z [igti-delivery-api] info: GET /order -  {}
2022-07-06T21:26:34.483Z [igti-delivery-api] info: delivery-api started
2022-07-06T21:26:36.427Z [igti-delivery-api] info: GET /order -  {}
2022-07-06T21:26:45.289Z [igti-delivery-api] info: delivery-api started
2022-07-06T21:26:47.660Z [igti-delivery-api] info: GET /order -  {}
2022-07-06T21:27:27.165Z [igti-delivery-api] info: GET /order -  {}
2022-07-06T21:27:41.071Z [igti-delivery-api] info: delivery-api started
2022-07-06T21:27:42.876Z [igti-delivery-api] info: GET /order -  {}
2022-07-06T21:27:46.568Z [igti-delivery-api] info: delivery-api started
2022-07-06T21:27:47.778Z [igti-delivery-api] info: GET /order -  {}
2022-07-06T21:28:05.292Z [igti-delivery-api] info: delivery-api started
2022-07-06T21:28:06.936Z [igti-delivery-api] info: GET /order -  {}
2022-07-06T21:28:12.666Z [igti-delivery-api] info: delivery-api started
2022-07-06T21:29:11.455Z [igti-delivery-api] info: delivery-api started
2022-07-06T21:29:13.254Z [igti-delivery-api] info: GET /order -  {}
2022-07-06T21:30:25.583Z [igti-delivery-api] info: delivery-api started
2022-07-06T21:30:30.179Z [igti-delivery-api] info: GET /order -  {}
2022-07-06T21:31:23.842Z [igti-delivery-api] info: delivery-api started
2022-07-06T21:31:26.510Z [igti-delivery-api] info: GET /order -  {}
2022-07-06T21:32:55.810Z [igti-delivery-api] info: delivery-api started
2022-07-06T21:34:02.207Z [igti-delivery-api] info: delivery-api started
2022-07-06T21:34:24.375Z [igti-delivery-api] info: GET /order -  Total Value Order From Client Tália Simas: R$ 325.5
2022-07-06T21:34:24.787Z [igti-delivery-api] info: GET /order -  Total Value Order From Client Tália Simas: R$ 325.5
2022-07-06T21:35:00.582Z [igti-delivery-api] info: delivery-api started
2022-07-06T21:41:38.355Z [igti-delivery-api] info: delivery-api started
2022-07-06T21:41:39.789Z [igti-delivery-api] info: GET /order/total/client -  Total Value Order By Tália Simas: R$ 325.5
2022-07-06T21:42:02.776Z [igti-delivery-api] info: GET /order/total/product -  Total Value Order By Pizza Napolitana: R$ 2184
2022-07-06T21:45:10.032Z [igti-delivery-api] info: delivery-api started
2022-07-06T21:45:20.107Z [igti-delivery-api] info: delivery-api started
2022-07-06T21:45:23.546Z [igti-delivery-api] info: delivery-api started
2022-07-06T21:46:08.794Z [igti-delivery-api] info: delivery-api started
2022-07-06T21:49:11.265Z [igti-delivery-api] info: delivery-api started
2022-07-06T21:49:56.401Z [igti-delivery-api] info: delivery-api started
2022-07-06T21:55:17.841Z [igti-delivery-api] info: delivery-api started
2022-07-06T21:55:34.720Z [igti-delivery-api] info: delivery-api started
2022-07-06T21:55:50.833Z [igti-delivery-api] info: delivery-api started
2022-07-06T21:56:31.677Z [igti-delivery-api] info: delivery-api started
2022-07-06T21:57:17.042Z [igti-delivery-api] info: delivery-api started
2022-07-06T21:57:40.076Z [igti-delivery-api] info: delivery-api started
2022-07-06T21:58:03.164Z [igti-delivery-api] info: delivery-api started
2022-07-06T21:59:13.377Z [igti-delivery-api] info: delivery-api started
2022-07-06T21:59:57.182Z [igti-delivery-api] info: delivery-api started
2022-07-06T22:00:13.434Z [igti-delivery-api] info: delivery-api started
2022-07-06T22:00:15.378Z [igti-delivery-api] info: delivery-api started
2022-07-06T22:00:30.721Z [igti-delivery-api] info: delivery-api started
2022-07-06T22:00:50.116Z [igti-delivery-api] info: delivery-api started
2022-07-06T22:01:00.635Z [igti-delivery-api] info: delivery-api started
2022-07-06T22:01:22.452Z [igti-delivery-api] info: delivery-api started
2022-07-06T22:01:34.557Z [igti-delivery-api] info: delivery-api started
2022-07-06T22:01:58.408Z [igti-delivery-api] info: delivery-api started
2022-07-06T22:02:04.482Z [igti-delivery-api] info: delivery-api started
2022-07-06T22:03:17.226Z [igti-delivery-api] info: delivery-api started
2022-07-06T22:03:50.699Z [igti-delivery-api] info: delivery-api started
2022-07-06T22:03:58.348Z [igti-delivery-api] info: delivery-api started
2022-07-06T22:04:06.039Z [igti-delivery-api] info: delivery-api started
2022-07-06T22:04:32.409Z [igti-delivery-api] info: delivery-api started
2022-07-06T22:05:40.012Z [igti-delivery-api] info: delivery-api started
2022-07-06T22:13:36.505Z [igti-delivery-api] info: delivery-api started
2022-07-06T22:13:46.954Z [igti-delivery-api] info: delivery-api started
2022-07-06T22:14:26.458Z [igti-delivery-api] info: delivery-api started
2022-07-06T22:14:28.476Z [igti-delivery-api] info: delivery-api started
2022-07-06T22:14:43.354Z [igti-delivery-api] info: delivery-api started
2022-07-06T22:16:55.572Z [igti-delivery-api] info: delivery-api started
2022-07-06T22:17:33.166Z [igti-delivery-api] info: delivery-api started
2022-07-06T22:18:04.621Z [igti-delivery-api] info: delivery-api started
2022-07-06T22:21:08.735Z [igti-delivery-api] info: delivery-api started
2022-07-06T22:21:10.936Z [igti-delivery-api] error: GET /order -  {(intermediate value)}.sort is not a function
2022-07-06T22:21:24.810Z [igti-delivery-api] info: delivery-api started
2022-07-06T22:31:40.094Z [igti-delivery-api] info: delivery-api started
2022-07-06T22:58:12.107Z [igti-delivery-api] info: delivery-api started
2022-07-06T23:07:59.128Z [igti-delivery-api] info: delivery-api started
2022-07-06T23:08:14.518Z [igti-delivery-api] info: delivery-api started
2022-07-06T23:08:30.675Z [igti-delivery-api] info: delivery-api started
2022-07-06T23:08:51.216Z [igti-delivery-api] info: delivery-api started
2022-07-06T23:12:15.993Z [igti-delivery-api] info: delivery-api started
2022-07-06T23:15:51.643Z [igti-delivery-api] info: delivery-api started
2022-07-06T23:16:17.988Z [igti-delivery-api] info: delivery-api started
2022-07-06T23:16:36.765Z [igti-delivery-api] info: delivery-api started
2022-07-06T23:16:47.912Z [igti-delivery-api] info: delivery-api started
2022-07-06T23:16:50.164Z [igti-delivery-api] error: GET /order -  deliveredOrders.reduce(...).sort is not a function
2022-07-06T23:17:45.965Z [igti-delivery-api] info: delivery-api started
2022-07-06T23:18:11.265Z [igti-delivery-api] info: delivery-api started
2022-07-06T23:18:18.219Z [igti-delivery-api] error: GET /order -  orderedProducts.map is not a function
2022-07-06T23:18:33.615Z [igti-delivery-api] info: delivery-api started
2022-07-06T23:18:54.716Z [igti-delivery-api] info: delivery-api started
2022-07-06T23:18:56.504Z [igti-delivery-api] error: GET /order -  orderedProducts.map is not a function
2022-07-06T23:19:10.586Z [igti-delivery-api] info: delivery-api started
2022-07-06T23:27:18.572Z [igti-delivery-api] info: delivery-api started
2022-07-06T23:27:21.967Z [igti-delivery-api] error: GET /order -  input is not defined
2022-07-06T23:27:23.473Z [igti-delivery-api] error: GET /order -  input is not defined
2022-07-06T23:27:34.733Z [igti-delivery-api] error: GET /order -  input is not defined
2022-07-06T23:27:35.590Z [igti-delivery-api] error: GET /order -  input is not defined
2022-07-06T23:28:23.811Z [igti-delivery-api] error: GET /order -  input is not defined
2022-07-06T23:31:27.340Z [igti-delivery-api] info: delivery-api started
2022-07-06T23:31:57.228Z [igti-delivery-api] info: GET /order/total/client -  Total Value Order By Tália Simas: R$ 325.5
2022-07-06T23:32:14.590Z [igti-delivery-api] info: GET /order/total/client -  Total Value Order By Clotilde Godoy: R$ 381
2022-07-06T23:32:34.055Z [igti-delivery-api] info: GET /order/total/product -  Total Value Order By Pizza Calabresa: R$ 1799.5
2022-07-06T23:32:54.224Z [igti-delivery-api] info: GET /order/total/product -  Total Value Order By Pizza Frango com Catupiry: R$ 1914
2022-07-06T23:34:03.858Z [igti-delivery-api] info: POST /order/ -  {"cliente":"Rosaura Azenha","produto":"Pizza Pepperoni","valor":32.5}
2022-07-06T23:34:21.041Z [igti-delivery-api] info: PATCH /order/delivered/ -  {"id":501,"cliente":"Rosaura Azenha","produto":"Pizza Pepperoni","valor":32.5,"entregue":true,"timestamp":"2022-07-06T23:34:03.857Z"}
2022-07-06T23:34:34.626Z [igti-delivery-api] info: GET /order/total/client -  Total Value Order By Rosaura Azenha: R$ 248
2022-07-06T23:34:51.457Z [igti-delivery-api] info: GET /order/total/product -  Total Value Order By Pizza Muçarela: R$ 1976
2022-07-06T23:35:15.530Z [igti-delivery-api] info: DELETE /order/317 -  id: 317
2022-07-06T23:35:25.348Z [igti-delivery-api] info: GET /order/total/product -  Total Value Order By Pizza Atum: R$ 2048
2022-07-06T23:35:39.271Z [igti-delivery-api] info: GET /order/216 -  {"id":216,"cliente":"Virgílio Pádua","produto":"Pizza a Moda","valor":31,"entregue":true,"timestamp":"2021-05-02T19:48:09.766Z"}
