2022-06-28T19:11:47.363Z [igti-bank-api] info: File Created.
2022-06-28T19:11:47.364Z [igti-bank-api] info: bank-api started
2022-06-28T19:12:14.472Z [igti-bank-api] info: GET /account
2022-06-28T19:12:26.768Z [igti-bank-api] info: POST /account -  {"id":1,"name":"Jose Silva","balance":600}
2022-06-28T19:12:44.991Z [igti-bank-api] info: GET /account -  {"id":1,"name":"Jose Silva","balance":600}
2022-06-28T19:12:58.857Z [igti-bank-api] info: PUT /account -  {"id":1,"name":"João Bezarra","balance":200}
2022-06-28T19:13:08.342Z [igti-bank-api] error: PATCH /account -  Cannot set properties of undefined (setting 'balance')
2022-06-28T19:13:18.444Z [igti-bank-api] info: PATCH /account -  {"id":1,"name":"João Bezarra","balance":1600}
2022-06-28T19:14:22.785Z [igti-bank-api] info: POST /account -  {"id":2,"name":"Jose Silva","balance":600}
2022-06-28T19:14:31.011Z [igti-bank-api] info: DELETE /account -  id: 2
2022-06-28T19:17:59.639Z [igti-bank-api] info: bank-api started
2022-06-28T19:18:36.099Z [igti-bank-api] info: bank-api started
2022-06-28T19:20:29.269Z [igti-bank-api] info: bank-api started
2022-06-28T19:20:51.957Z [igti-bank-api] info: bank-api started
2022-06-28T19:20:56.097Z [igti-bank-api] info: bank-api started
2022-06-28T19:22:56.918Z [igti-bank-api] info: bank-api started
2022-06-28T19:23:32.867Z [igti-bank-api] info: bank-api started
2022-06-28T19:24:50.812Z [igti-bank-api] info: bank-api started
2022-06-28T19:25:34.138Z [igti-bank-api] info: bank-api started
2022-06-28T19:25:42.382Z [igti-bank-api] info: bank-api started
2022-06-28T19:26:03.488Z [igti-bank-api] info: bank-api started
2022-06-28T19:26:17.480Z [igti-bank-api] info: bank-api started
2022-06-28T19:26:22.148Z [igti-bank-api] info: bank-api started
2022-06-28T19:26:51.019Z [igti-bank-api] info: bank-api started
2022-06-28T19:26:55.345Z [igti-bank-api] info: bank-api started
2022-06-28T19:29:21.969Z [igti-bank-api] info: bank-api started
2022-06-28T19:29:32.992Z [igti-bank-api] info: bank-api started
2022-06-28T19:29:35.926Z [igti-bank-api] info: bank-api started
2022-06-28T19:29:58.205Z [igti-bank-api] info: GET /account -  undefined
2022-06-28T19:31:14.232Z [igti-bank-api] info: bank-api started
2022-06-28T19:31:17.411Z [igti-bank-api] error: GET /account -  Register not found!
2022-06-28T19:32:00.271Z [igti-bank-api] info: bank-api started
2022-06-28T23:38:01.101Z [igti-bank-api] info: bank-api started
2022-06-28T23:38:27.254Z [igti-bank-api] info: bank-api started
2022-06-28T23:38:29.466Z [igti-bank-api] info: bank-api started
2022-06-28T23:42:00.269Z [igti-bank-api] info: bank-api started
2022-06-28T23:42:02.363Z [igti-bank-api] info: bank-api started
2022-07-05T22:07:10.045Z [igti-bank-api] info: bank-api started
2022-07-05T22:07:47.029Z [igti-bank-api] info: POST /account -  {"id":3,"name":"Arthur Monteiro","balance":600}
2022-07-05T22:09:34.125Z [igti-bank-api] info: bank-api started
2022-07-05T22:09:47.251Z [igti-bank-api] info: bank-api started
2022-07-05T22:10:08.159Z [igti-bank-api] error: PUT /account -  Register not found
2022-07-05T22:10:13.162Z [igti-bank-api] info: PUT /account -  {"id":3,"name":"vitoria Maria","balance":300}
2022-07-05T22:10:42.714Z [igti-bank-api] info: GET /account -  {"id":3,"name":"vitoria Maria","balance":300}
2022-07-05T22:11:27.101Z [igti-bank-api] info: bank-api started
2022-07-05T22:11:38.895Z [igti-bank-api] info: PATCH /account -  {"id":3,"name":"vitoria Maria","balance":1600}
2022-07-05T22:11:47.560Z [igti-bank-api] info: bank-api started
2022-07-05T22:12:26.654Z [igti-bank-api] info: bank-api started
2022-07-05T22:12:28.348Z [igti-bank-api] info: bank-api started
2022-07-05T22:13:12.795Z [igti-bank-api] info: bank-api started
2022-07-05T22:13:58.236Z [igti-bank-api] info: bank-api started
2022-07-05T22:21:55.137Z [igti-bank-api] info: bank-api started
2022-07-05T22:22:26.061Z [igti-bank-api] info: bank-api started
2022-07-05T22:28:42.591Z [igti-bank-api] info: bank-api started
2022-07-05T22:29:37.063Z [igti-bank-api] info: bank-api started
2022-07-05T22:30:16.574Z [igti-bank-api] info: bank-api started
2022-07-05T22:30:24.571Z [igti-bank-api] info: bank-api started
2022-07-05T22:31:12.112Z [igti-bank-api] info: bank-api started
2022-07-05T22:31:24.238Z [igti-bank-api] info: bank-api started
2022-07-05T22:31:36.344Z [igti-bank-api] info: bank-api started
2022-07-05T22:31:42.660Z [igti-bank-api] info: bank-api started
2022-07-05T22:32:30.214Z [igti-bank-api] info: bank-api started
2022-07-05T22:33:06.544Z [igti-bank-api] info: bank-api started
2022-07-05T22:33:15.732Z [igti-bank-api] info: bank-api started
2022-07-05T22:34:42.439Z [igti-bank-api] info: bank-api started
2022-07-05T22:35:05.198Z [igti-bank-api] info: POST /account -  {"id":4,"name":"Arthur Monteiro","balance":600}
2022-07-05T22:35:22.346Z [igti-bank-api] info: GET /account
2022-07-05T22:35:22.807Z [igti-bank-api] info: GET /account
2022-07-05T22:37:59.393Z [igti-bank-api] info: bank-api started
2022-07-05T22:38:12.038Z [igti-bank-api] info: bank-api started
2022-07-05T22:38:15.014Z [igti-bank-api] info: GET /account
2022-07-05T22:39:14.220Z [igti-bank-api] info: bank-api started
2022-07-05T22:39:37.980Z [igti-bank-api] info: bank-api started
2022-07-05T22:39:55.067Z [igti-bank-api] info: bank-api started
2022-07-05T22:40:05.714Z [igti-bank-api] info: bank-api started
2022-07-05T22:40:57.723Z [igti-bank-api] info: bank-api started
2022-07-05T22:41:05.354Z [igti-bank-api] info: bank-api started
2022-07-05T22:41:09.295Z [igti-bank-api] info: bank-api started
2022-07-05T22:41:25.831Z [igti-bank-api] info: bank-api started
2022-07-05T22:44:27.946Z [igti-bank-api] info: bank-api started
2022-07-05T22:44:48.533Z [igti-bank-api] info: bank-api started
2022-07-05T22:44:50.651Z [igti-bank-api] info: bank-api started
2022-07-05T22:46:16.442Z [igti-bank-api] info: bank-api started
2022-07-05T22:46:21.532Z [igti-bank-api] info: bank-api started
2022-07-05T22:46:26.812Z [igti-bank-api] info: bank-api started
2022-07-05T22:46:34.560Z [igti-bank-api] info: bank-api started
2022-07-05T22:46:44.345Z [igti-bank-api] info: bank-api started
2022-07-05T22:46:47.104Z [igti-bank-api] info: bank-api started
2022-07-05T22:46:51.327Z [igti-bank-api] info: GET /account
2022-07-05T22:46:53.829Z [igti-bank-api] error: GET /account -  account is not defined
2022-07-05T22:46:58.906Z [igti-bank-api] info: DELETE /account -  id: 3
2022-07-05T22:47:02.363Z [igti-bank-api] info: GET /account
2022-07-05T22:47:10.948Z [igti-bank-api] info: POST /account -  {"id":5,"name":"Vitoria Monteiro","balance":600}
2022-07-05T22:47:18.172Z [igti-bank-api] info: PUT /account -  {}
2022-07-05T22:47:24.899Z [igti-bank-api] info: GET /account
2022-07-05T22:48:26.021Z [igti-bank-api] info: bank-api started
2022-07-05T22:48:40.649Z [igti-bank-api] info: bank-api started
2022-07-05T22:48:48.413Z [igti-bank-api] info: PUT /account -  {"id":5,"name":"vitoria Maria","balance":650}
2022-07-05T22:48:51.646Z [igti-bank-api] info: GET /account
2022-07-05T22:48:57.735Z [igti-bank-api] error: PATCH /account -  account is not defined
2022-07-05T22:49:33.578Z [igti-bank-api] info: bank-api started
2022-07-05T22:49:35.004Z [igti-bank-api] error: PATCH /account -  data is not defined
2022-07-05T22:49:38.915Z [igti-bank-api] info: GET /account
2022-07-05T22:49:50.768Z [igti-bank-api] info: bank-api started
2022-07-05T22:49:56.762Z [igti-bank-api] info: bank-api started
2022-07-05T22:50:02.763Z [igti-bank-api] info: bank-api started
2022-07-05T22:51:49.114Z [igti-bank-api] info: bank-api started
2022-07-05T22:52:03.583Z [igti-bank-api] info: bank-api started
2022-07-05T22:52:19.573Z [igti-bank-api] info: bank-api started
2022-07-05T22:58:52.149Z [igti-bank-api] info: bank-api started
2022-07-05T23:03:56.279Z [igti-bank-api] info: bank-api started
2022-07-05T23:04:04.046Z [igti-bank-api] info: bank-api started
2022-07-05T23:04:49.445Z [igti-bank-api] info: bank-api started
2022-07-05T23:05:03.023Z [igti-bank-api] info: bank-api started
2022-07-05T23:05:23.825Z [igti-bank-api] info: bank-api started
2022-07-05T23:05:25.528Z [igti-bank-api] info: bank-api started
2022-07-05T23:07:22.732Z [igti-bank-api] info: bank-api started
2022-07-05T23:07:40.328Z [igti-bank-api] info: bank-api started
2022-07-05T23:07:46.879Z [igti-bank-api] info: bank-api started
2022-07-05T23:09:32.842Z [igti-bank-api] info: bank-api started
2022-07-05T23:09:41.217Z [igti-bank-api] info: bank-api started
2022-07-05T23:09:54.036Z [igti-bank-api] info: bank-api started
2022-07-05T23:11:29.214Z [igti-bank-api] info: bank-api started
2022-07-05T23:11:40.169Z [igti-bank-api] info: bank-api started
2022-07-05T23:17:27.730Z [igti-bank-api] info: bank-api started
2022-07-05T23:17:45.683Z [igti-bank-api] info: bank-api started
2022-07-05T23:20:56.048Z [igti-bank-api] info: bank-api started
2022-07-05T23:21:05.791Z [igti-bank-api] info: bank-api started
2022-07-05T23:21:18.364Z [igti-bank-api] error: PATCH /account -  data is not defined
2022-07-05T23:21:21.546Z [igti-bank-api] info: GET /account
2022-07-05T23:22:03.804Z [igti-bank-api] info: bank-api started
